C51 COMPILER V9.00   DHT11                                                                 05/17/2016 01:50:45 PAGE 1   


C51 COMPILER V9.00, COMPILATION OF MODULE DHT11
OBJECT MODULE PLACED IN DHT11.OBJ
COMPILER INVOKED BY: C:\Keil\C51\BIN\C51.EXE DHT11.c ROM(COMPACT) BROWSE DEBUG OBJECTEXTEND

line level    source

   1          #include <reg51.h>
   2          #include <intrins.h> 
   3          #include "DHT11.h"
   4          
   5          typedef unsigned char  U8;       /* defined for unsigned 8-bits integer variable          无符号8位整型变量  */
   6          typedef signed   char  S8;       /* defined for signed 8-bits integer variable            有符号8位整型变量  */
   7          typedef unsigned int   U16;      /* defined for unsigned 16-bits integer variable         无符号16位整型变量 */
   8          typedef signed   int   S16;      /* defined for signed 16-bits integer variable           有符号16位整型变量 */
   9          typedef unsigned long  U32;      /* defined for unsigned 32-bits integer variable         无符号32位整型变量 */
  10          typedef signed   long  S32;      /* defined for signed 32-bits integer variable           有符号32位整型变量 */
  11          typedef float          F32;      /* single precision floating point variable (32bits) 单精度浮点数（32位长
             -度） */
  12          typedef double         F64;      /* double precision floating point variable (64bits) 双精度浮点数（64位长
             -度） */
  13          //
  14          #define uchar unsigned char
  15          #define uint unsigned int
  16          #define   Data_0_time    4
  17          
  18          //----------------------------------------------//
  19          //----------------IO口定义区--------------------//
  20          //----------------------------------------------//
  21          sbit  P2_0  = P2^0 ;
  22          
  23          //----------------------------------------------//
  24          //----------------定义区--------------------//
  25          //----------------------------------------------//
  26          xdata U8  U8FLAG,k;
  27          xdata U8  U8count,U8temp;
  28          xdata U8  U8T_data_H,U8T_data_L,U8RH_data_H,U8RH_data_L,U8checkdata;
  29          xdata U8  U8T_data_H_temp,U8T_data_L_temp,U8RH_data_H_temp,U8RH_data_L_temp,U8checkdata_temp;
  30          xdata U8  U8comdata;
  31          xdata U8  outdata[5];  //定义发送的字节数          
  32          xdata U8  indata[5];
  33          xdata U8  count, count_r=0;
  34          xdata U8  str[5]={"RS232"};
  35          xdata U16 U16temp1,U16temp2;
  36          
  37          void SendData(U8 *a)
  38          {
  39   1              outdata[0] = a[0]; 
  40   1              outdata[1] = a[1];
  41   1              outdata[2] = a[2];
  42   1              outdata[3] = a[3];
  43   1              outdata[4] = a[4];
  44   1      //      count = 1;
  45   1              //SBUF=outdata[0];
  46   1      }
  47          
  48          void DelayDHT11(U16 j)
  49          {      
  50   1              U8 i;
  51   1              for(;j>0;j--)
  52   1              {       
  53   2                      for(i=0;i<27;i++);
C51 COMPILER V9.00   DHT11                                                                 05/17/2016 01:50:45 PAGE 2   

  54   2              }
  55   1      }
  56          void  Delay_10us(void)
  57          {
  58   1              U8 i;
  59   1              i--;
  60   1              i--;
  61   1              i--;
  62   1              i--;
  63   1              i--;
  64   1              i--;
  65   1      }
  66          void  COM(void)
  67          {
  68   1              U8 i;
  69   1      
  70   1              for(i=0;i<8;i++)           
  71   1              {
  72   2      
  73   2                      U8FLAG=2;       
  74   2                      while((!P2_0)&&U8FLAG++);
  75   2                      Delay_10us();
  76   2                      Delay_10us();
  77   2                      Delay_10us();
  78   2                      U8temp=0;
  79   2                      if(P2_0)U8temp=1;
  80   2                      U8FLAG=2;
  81   2                      while((P2_0)&&U8FLAG++);
  82   2                      //超时则跳出for循环               
  83   2                      if(U8FLAG==1)break;
  84   2                      //判断数据位是0还是1     
  85   2      
  86   2                      // 如果高电平高过预定0高电平值则数据位为 1 
  87   2      
  88   2                      U8comdata<<=1;
  89   2                      U8comdata|=U8temp;        //0
  90   2              }//rof
  91   1      }
  92          
  93          //--------------------------------
  94          //-----湿度读取子程序 ------------
  95          //--------------------------------
  96          //----以下变量均为全局变量--------
  97          //----温度高8位== U8T_data_H------
  98          //----温度低8位== U8T_data_L------
  99          //----湿度高8位== U8RH_data_H-----
 100          //----湿度低8位== U8RH_data_L-----
 101          //----校验 8位 == U8checkdata-----
 102          //----调用相关子程序如下----------
 103          //---- Delay();, Delay_10us();,COM(); 
 104          //--------------------------------
 105          
 106          void RH(void)
 107          {
 108   1              //主机拉低18ms 
 109   1              P2_0=0;
 110   1              DelayDHT11(180);
 111   1              P2_0=1;
 112   1              //总线由上拉电阻拉高 主机延时20us
 113   1              Delay_10us();
 114   1              Delay_10us();
 115   1              Delay_10us();
C51 COMPILER V9.00   DHT11                                                                 05/17/2016 01:50:45 PAGE 3   

 116   1              Delay_10us();
 117   1              //主机设为输入 判断从机响应信号 
 118   1              P2_0=1;
 119   1              //判断从机是否有低电平响应信号 如不响应则跳出，响应则向下运行     
 120   1              if(!P2_0)                //T !    
 121   1              {
 122   2                      U8FLAG=2;
 123   2                      //判断从机是否发出 80us 的低电平响应信号是否结束         
 124   2                      while((!P2_0)&&U8FLAG++);
 125   2                      U8FLAG=2;
 126   2                      //判断从机是否发出 80us 的高电平，如发出则进入数据接收状态
 127   2                      while((P2_0)&&U8FLAG++);
 128   2                      //数据接收状态           
 129   2                      COM();
 130   2                      U8RH_data_H_temp=U8comdata;
 131   2                      COM();
 132   2                      U8RH_data_L_temp=U8comdata;
 133   2                      COM();
 134   2                      U8T_data_H_temp=U8comdata;
 135   2                      COM();
 136   2                      U8T_data_L_temp=U8comdata;
 137   2                      COM();
 138   2                      U8checkdata_temp=U8comdata;
 139   2                      P2_0=1;
 140   2                      //数据校验 
 141   2      
 142   2                      U8temp=(U8T_data_H_temp+U8T_data_L_temp+U8RH_data_H_temp+U8RH_data_L_temp);
 143   2                      if(U8temp==U8checkdata_temp)
 144   2                      {
 145   3                              U8RH_data_H=U8RH_data_H_temp;
 146   3                              U8RH_data_L=U8RH_data_L_temp;
 147   3                              U8T_data_H=U8T_data_H_temp;
 148   3                              U8T_data_L=U8T_data_L_temp;
 149   3                              U8checkdata=U8checkdata_temp;
 150   3                      }//fi
 151   2              }//fi
 152   1      
 153   1      }
 154          #if 0
              void RSINTR() interrupt 4 using 2
              {
                      U8 InPut3;
                      if(TI==1) //发送中断      
                      {
                              TI=0;
                              if(count!=5) //发送完5位数据     
                              {
                                      SBUF= outdata[count];
                                      count++;
                              }
                      }
              
                      if(RI==1)        //接收中断               
                      {       
                              InPut3=SBUF;
                              indata[count_r]=InPut3;
                              count_r++;
                              RI=0;                                                            
                              if (count_r==5)//接收完4位数据 
                              {
                                      //数据接收完毕处理。
                                      count_r=0;
C51 COMPILER V9.00   DHT11                                                                 05/17/2016 01:50:45 PAGE 4   

                                      str[0]=indata[0];
                                      str[1]=indata[1];
                                      str[2]=indata[2];
                                      str[3]=indata[3];
                                      str[4]=indata[4];
                                      P0=0;
                              }
                      }
              }
              
              #endif
 189          void dealWHISU()
 190          {
 191   1              //while(1)
 192   1              {  
 193   2      
 194   2                      //------------------------
 195   2                      //调用温湿度读取子程序 
 196   2                      RH();
 197   2                      //串口显示程序 
 198   2                      //--------------------------
 199   2      
 200   2                      str[0]=U8RH_data_H;
 201   2                      str[1]=U8RH_data_L;
 202   2                      str[2]=U8T_data_H;
 203   2                      str[3]=U8T_data_L;
 204   2                      str[4]=U8checkdata;
 205   2                      SendData(str) ;  //发送到串口  
 206   2                      //读取模块数据周期不易小于 2S 
 207   2                      //uartSendStr(str);     
 208   2                      DelayDHT11(20000);
 209   2              }//elihw
 210   1      }


MODULE INFORMATION:   STATIC OVERLAYABLE
   CODE SIZE        =    411    ----
   CONSTANT SIZE    =   ----    ----
   XDATA SIZE       =     36    ----
   PDATA SIZE       =   ----    ----
   DATA SIZE        =   ----       1
   IDATA SIZE       =   ----    ----
   BIT SIZE         =   ----    ----
END OF MODULE INFORMATION.


C51 COMPILATION COMPLETE.  0 WARNING(S),  0 ERROR(S)
