C51 COMPILER V9.00   UART                                                                  04/24/2016 01:25:51 PAGE 1   


C51 COMPILER V9.00, COMPILATION OF MODULE UART
OBJECT MODULE PLACED IN uart.OBJ
COMPILER INVOKED BY: C:\Keil\C51\BIN\C51.EXE uart.c ROM(COMPACT) BROWSE DEBUG OBJECTEXTEND

line level    source

   1          #include "reg52.h"
   2          #include <string.h>
   3          #include <stdarg.h>
   4          #include <stdio.h>
   5          #include "type.h"
   6          
   7          #include "uart.h"
   8          
   9          #define UARTDATA_LEN 20
  10          
  11          uint8 uartData[UARTDATA_LEN];
  12          uint8 uartIndex;
  13          /*------------------------------------------------
  14                                                   串口初始化
  15           ------------------------------------------------*/
  16          
  17           void InitUART(UART_BUARD buard)
  18           {
  19   1      
  20   1               SCON  = 0x50;                           // SCON: 模式 1, 8-bit UART, 使能接收  
  21   1               TMOD |= 0x20;                           // TMOD: timer 1, mode 2, 8-bit 重装
  22   1              if(buard == B19200)
  23   1              {
  24   2                      TH1 = 0xFD;                              // TH1:  重装值 9600 波特率 晶振 11.0592MHz  
  25   2                      TL1 = 0xFD;
  26   2              }
  27   1              else if(buard == B57600)
  28   1              {
  29   2                      TH1 = 0xFF;                              // TH1:  重装值 9600 波特率 晶振 11.0592MHz  
  30   2                      TL1 = 0xFF;     
  31   2              }
  32   1              TR1   = 1;                               // TR1:  timer 1 打开                                             
  33   1              SM0=0;                   //设置串行口工作方式
  34   1              SM1=1;
  35   1              REN=1;          //允许串行接收位
  36   1              EA=1;           //开启总中断
  37   1              ES=1;                   //开启串口中断
  38   1      
  39   1      #if 0
                       SCON  = 0x50;                           // SCON: 模式 1, 8-bit UART, 使能接收  
                       TMOD |= 0x20;                           // TMOD: timer 1, mode 2, 8-bit 重装
                       TH1   = 0xFD;                           // TH1:  重装值 9600 波特率 晶振 11.0592MHz  
                       TL1=0xfd;
                       TR1   = 1;                              // TR1:  timer 1 打开                                             
                      SM0=0;                   //设置串行口工作方式
                      SM1=1;
                      REN=1;          //允许串行接收位
                      EA=1;           //开启总中断
                      ES=1;                   //开启串口中断
                       //ES    = 1;                              //打开串口中断
              #endif
  52   1      #if 0
                       SCON  = 0x50;                           // SCON: 模式 1, 8-bit UART, 使能接收  
                       TMOD |= 0x20;                           // TMOD: timer 1, mode 2, 8-bit 重装
                       TH1   = 0xFF;                           // TH1:  重装值 9600 波特率 晶振 11.0592MHz  
C51 COMPILER V9.00   UART                                                                  04/24/2016 01:25:51 PAGE 2   

                       TL1=0xFF;
                       TR1   = 1;                              // TR1:  timer 1 打开                                             
                      SM0=0;                   //设置串行口工作方式
                      SM1=1;
                      REN=1;          //允许串行接收位
                      EA=1;           //开启总中断
                      ES=1;                   //开启串口中断
                       //ES    = 1;                              //打开串口中断
              #endif
  65   1      
  66   1       }
  67          
  68           
  69           /*------------------------------------------------
  70                                                   发送一个字节
  71           ------------------------------------------------*/
  72           void uartSendByte(unsigned char dat)
  73           {
  74   1              ES=0;
  75   1              SBUF = dat;
  76   1              while(!TI);
  77   1                      TI = 0;
  78   1              ES=1;                   //打开中断
  79   1       }
  80           /*------------------------------------------------
  81                                                   发送一个字符串
  82           ------------------------------------------------*/
  83           void uartSendStr(unsigned char *s)
  84           {
  85   1        while(*s!='\0')// \0 表示字符串结束标志，
  86   1                                       //通过检测是否字符串末尾
  87   1         {
  88   2         uartSendByte(*s);
  89   2         s++;
  90   2         }
  91   1       }
  92          void uartSendForStr(unsigned char *s,unsigned int len)
  93          {
  94   1              int i;
  95   1              for(i=0;i<len;i++)
  96   1              {
  97   2                      uartSendByte(s[i]);
  98   2              }
  99   1      }
 100          void uartRecive() interrupt 4
 101          {
 102   1              char a;
 103   1              RI=0;                   //接收到数据后，将RI置0
 104   1              a=SBUF;                 //接收数据
 105   1              uartData[uartIndex] = a;
 106   1              uartIndex++;
 107   1              if(uartIndex > UARTDATA_LEN-1)  uartIndex = 0;
 108   1      }
 109          void uartDataClean(){
 110   1              uint8 i;
 111   1              for(i = 0;i<UARTDATA_LEN;i++){
 112   2                      uartData[i] = 0;
 113   2              }
 114   1              uartIndex = 0;
 115   1      }
 116          #if 0
              void debug(uint8 *fmt ,...)
C51 COMPILER V9.00   UART                                                                  04/24/2016 01:25:51 PAGE 3   

              {
              
                      va_list arg_ptr;
                      uint8    LocalText[64];
                      uint8    cnt;
                      uint8    m;
                      for(cnt=0 ; cnt<64 ; cnt++) 
                      {
                              LocalText[cnt] = 0x00;
                      }
              
                      va_start(arg_ptr, fmt);
                      vsprintf(LocalText, fmt, arg_ptr);
                      va_end(arg_ptr);
                      for(m=0 ; m<64 ; m++) 
                      {
                              if(LocalText[m]==0x00)
                              {
                                      break;
                              }
                      }
                      uartSendForStr(LocalText,m);
              
              }
              #endif  


MODULE INFORMATION:   STATIC OVERLAYABLE
   CODE SIZE        =    173    ----
   CONSTANT SIZE    =   ----    ----
   XDATA SIZE       =   ----    ----
   PDATA SIZE       =   ----    ----
   DATA SIZE        =     21       5
   IDATA SIZE       =   ----    ----
   BIT SIZE         =   ----    ----
END OF MODULE INFORMATION.


C51 COMPILATION COMPLETE.  0 WARNING(S),  0 ERROR(S)
