C51 COMPILER V9.00   USER_SYS                                                              04/24/2016 01:25:51 PAGE 1   


C51 COMPILER V9.00, COMPILATION OF MODULE USER_SYS
OBJECT MODULE PLACED IN user_sys.OBJ
COMPILER INVOKED BY: C:\Keil\C51\BIN\C51.EXE user_sys.c ROM(COMPACT) BROWSE DEBUG OBJECTEXTEND

line level    source

   1          #include <stdio.h>
   2          
   3          #include "user_sys.h"
   4          #include "type.h"
   5          
   6          app_Event getApp;
   7          
   8          void userSystemSetEventDone(uint8 event_id)
   9          {
  10   1              getApp.eventDoCount_t[event_id]++;
  11   1              if(getApp.eventDoCount_t[event_id]>=255)        
  12   1                      getApp.eventDoCount_t[event_id]=0;
  13   1              getApp.eventResultFlag_t[event_id]=DISABLE;
  14   1      }
  15          
  16          void userSystemHandle()
  17          {
  18   1              uint8_t i;
  19   1              for(i=0;i<EVENT_NUMBER;i++)
  20   1              {
  21   2                      if(getApp.eventEDable_t[i]==ENABLE)
  22   2                      {
  23   3                              getApp.eventTimerCount_t[i]++;
  24   3                              if(getApp.eventTimerCount_t[i]>getApp.eventTimerTime_t[i])
  25   3                              {
  26   4                                      getApp.eventResultFlag_t[i]=ENABLE;
  27   4                                      getApp.eventTimerCount_t[i]=0;
  28   4                                      /*getApp.eventDoCount_t[i]++;
  29   4                                      if(getApp.eventDoCount_t[i]>=255)
  30   4                                              getApp.eventDoCount_t[i]=0;*/
  31   4                              }
  32   3                      }
  33   2                      else
  34   2                      {
  35   3                              getApp.eventResultFlag_t[i]=DISABLE;
  36   3                              getApp.eventTimerCount_t[i]=0;
  37   3                              //getApp.eventDoCount_t[i]=0;
  38   3                      }
  39   2              }
  40   1      }
  41          void userSystemEventInit()
  42          {
  43   1              uint8_t i;
  44   1              for(i=0;i<EVENT_NUMBER;i++)
  45   1              {
  46   2                      getApp.eventId_t[i]=0;
  47   2                      getApp.eventTimerCount_t[i]=0;
  48   2                      getApp.eventResultFlag_t[i]=DISABLE;
  49   2                      getApp.eventEDable_t[i]=DISABLE;
  50   2                      getApp.eventDoCount_t[i]=0;
  51   2                      getApp.eventSetCount_t[i]=0;
  52   2                      getApp.eventTimerTime_t[i]=0;
  53   2              }
  54   1      }
  55          void setEvent(uint8_t event_id,uint8_t event_edable,uint16_t event_ones_timer,uint8_t event_run_count)
C51 COMPILER V9.00   USER_SYS                                                              04/24/2016 01:25:51 PAGE 2   

  56          {
  57   1              getApp.eventId_t[event_id]=event_id;
  58   1              getApp.eventTimerTime_t[event_id]=event_ones_timer;
  59   1              getApp.eventEDable_t[event_id]=event_edable;
  60   1              getApp.eventSetCount_t[event_id]=event_run_count;
  61   1              getApp.eventTimerCount_t[event_id]=0;
  62   1              getApp.eventDoCount_t[event_id]=0;
  63   1      }
  64          
  65          
  66          
  67          
  68          
  69          
  70          
  71          
  72          
  73          


MODULE INFORMATION:   STATIC OVERLAYABLE
   CODE SIZE        =    207    ----
   CONSTANT SIZE    =   ----    ----
   XDATA SIZE       =   ----    ----
   PDATA SIZE       =   ----    ----
   DATA SIZE        =     54       5
   IDATA SIZE       =   ----    ----
   BIT SIZE         =   ----    ----
END OF MODULE INFORMATION.


C51 COMPILATION COMPLETE.  0 WARNING(S),  0 ERROR(S)
